Using pre-set license
Built from '2020.3/release' branch; Version is '2020.3.7f1 (dd97f2c94397) revision 14522354'; Using compiler version '192528614'; Build Type 'Release'
OS: 'Windows 10 Pro; OS build 19042.985; Version 2009; 64bit' Language: 'en' Physical Memory: 16255 MB
BatchMode: 1, IsHumanControllingUs: 0, StartBugReporterOnCrash: 0, Is64bit: 1, IsPro: 0

 COMMAND LINE ARGUMENTS:
C:\Program Files\Unity\Hub\Editor\2020.3.7f1\Editor\Unity.exe
-adb2
-batchMode
-noUpm
-name
AssetImportWorker0
-projectPath
C:/Users/Tlamir/Documents/GitHub/Tehlikeli madde eğitim seti/Danger_Sign_Application
-logFile
Logs/AssetImportWorker0.log
-srvPort
54481
Successfully changed project path to: C:/Users/Tlamir/Documents/GitHub/Tehlikeli madde eğitim seti/Danger_Sign_Application
C:/Users/Tlamir/Documents/GitHub/Tehlikeli madde eğitim seti/Danger_Sign_Application
Using Asset Import Pipeline V2.
Refreshing native plugins compatible for Editor in 36.97 ms, found 1 plugins.
Preloading 0 native plugins for Editor in 0.00 ms.
Initialize engine version: 2020.3.7f1 (dd97f2c94397)
[Subsystems] Discovering subsystems at path C:/Program Files/Unity/Hub/Editor/2020.3.7f1/Editor/Data/Resources/UnitySubsystems
[Subsystems] Discovering subsystems at path C:/Users/Tlamir/Documents/GitHub/Tehlikeli madde eğitim seti/Danger_Sign_Application/Assets
GfxDevice: creating device client; threaded=0
Direct3D:
    Version:  Direct3D 11.0 [level 11.1]
    Renderer: NVIDIA GeForce GTX 1060 (ID=0x1c20)
    Vendor:   
    VRAM:     6052 MB
    Driver:   27.21.14.6156
Initialize mono
Mono path[0] = 'C:/Program Files/Unity/Hub/Editor/2020.3.7f1/Editor/Data/Managed'
Mono path[1] = 'C:/Program Files/Unity/Hub/Editor/2020.3.7f1/Editor/Data/MonoBleedingEdge/lib/mono/unityjit'
Mono config path = 'C:/Program Files/Unity/Hub/Editor/2020.3.7f1/Editor/Data/MonoBleedingEdge/etc'
Using monoOptions --debugger-agent=transport=dt_socket,embedding=1,server=y,suspend=n,address=127.0.0.1:56136
Begin MonoManager ReloadAssembly
Registering precompiled unity dll's ...
Register platform support module: C:/Program Files/Unity/Hub/Editor/2020.3.7f1/Editor/Data/PlaybackEngines/WebGLSupport/UnityEditor.WebGL.Extensions.dll
Register platform support module: C:/Program Files/Unity/Hub/Editor/2020.3.7f1/Editor/Data/PlaybackEngines/WindowsStandaloneSupport/UnityEditor.WindowsStandalone.Extensions.dll
Registered in 0.002334 seconds.
Native extension for WindowsStandalone target not found
Native extension for WebGL target not found
Refreshing native plugins compatible for Editor in 33.75 ms, found 1 plugins.
Preloading 0 native plugins for Editor in 0.00 ms.
Mono: successfully reloaded assembly
- Completed reload, in  1.104 seconds
Platform modules already initialized, skipping
Registering precompiled user dll's ...
Registered in 0.001070 seconds.
Begin MonoManager ReloadAssembly
Native extension for WindowsStandalone target not found
Native extension for WebGL target not found
Refreshing native plugins compatible for Editor in 0.38 ms, found 1 plugins.
Preloading 0 native plugins for Editor in 0.00 ms.
[ScriptCompilation] NOT recompiling all scripts because this is an import worker process. Reason to compile was: Define symbols changed
Mono: successfully reloaded assembly
- Completed reload, in  0.786 seconds
Platform modules already initialized, skipping
========================================================================
Worker process is ready to serve import requests
Launched and connected shader compiler UnityShaderCompiler.exe after 0.04 seconds
Refreshing native plugins compatible for Editor in 0.46 ms, found 1 plugins.
Preloading 0 native plugins for Editor in 0.00 ms.
Unloading 1600 Unused Serialized files (Serialized files now loaded: 0)
System memory in use before: 90.5 MB.
System memory in use after: 90.5 MB.

Unloading 27 unused Assets to reduce memory usage. Loaded Objects now: 2045.
Total: 1.961000 ms (FindLiveObjects: 0.176300 ms CreateObjectMapping: 0.120900 ms MarkObjects: 1.466300 ms  DeleteObjects: 0.196600 ms)

========================================================================
Received Import Request.
  path: Assets/Obi/Resources
  artifactKey: Guid(6217e7f6fe8104bbca06fe7ac150a57d) Importer(815301076,1909f56bfc062723c751e8b465ee728b)
Start importing Assets/Obi/Resources using Guid(6217e7f6fe8104bbca06fe7ac150a57d) Importer(815301076,1909f56bfc062723c751e8b465ee728b)  -> (artifact id: 'eef8193624ad8860d7a074c5e41adf30') in 0.009213 seconds
  Import took 0.011751 seconds .

========================================================================
Received Import Request.
  Time since last request: 5.598036 seconds.
  path: Assets/Obi/Samples/Common/SampleResources/CollisionMaterials
  artifactKey: Guid(bb188f7223e6b4a96972d88b44925c5e) Importer(815301076,1909f56bfc062723c751e8b465ee728b)
Start importing Assets/Obi/Samples/Common/SampleResources/CollisionMaterials using Guid(bb188f7223e6b4a96972d88b44925c5e) Importer(815301076,1909f56bfc062723c751e8b465ee728b)  -> (artifact id: 'ec32aa5b3a667a59fa600e36e13c0773') in 0.006615 seconds
  Import took 0.009092 seconds .

========================================================================
Received Import Request.
  Time since last request: 1.849684 seconds.
  path: Assets/Obi/Samples/Common/SampleResources/CollisionMaterials/CharacterFriction.physicMaterial
  artifactKey: Guid(0d242f91ab1d749a8b6230e6da662881) Importer(815301076,1909f56bfc062723c751e8b465ee728b)
Start importing Assets/Obi/Samples/Common/SampleResources/CollisionMaterials/CharacterFriction.physicMaterial using Guid(0d242f91ab1d749a8b6230e6da662881) Importer(815301076,1909f56bfc062723c751e8b465ee728b)  -> (artifact id: 'b6668694461073ef459e4b00f8880010') in 0.025940 seconds
  Import took 0.028798 seconds .

========================================================================
Received Import Request.
  Time since last request: 6.376755 seconds.
  path: Assets/Obi/Samples/Common/SampleResources/Materials
  artifactKey: Guid(e71b9a406d7f848ceaaf698a595823f5) Importer(815301076,1909f56bfc062723c751e8b465ee728b)
Start importing Assets/Obi/Samples/Common/SampleResources/Materials using Guid(e71b9a406d7f848ceaaf698a595823f5) Importer(815301076,1909f56bfc062723c751e8b465ee728b)  -> (artifact id: 'a1dab77042095147cf429b49a0491aba') in 0.007555 seconds
  Import took 0.009872 seconds .

========================================================================
Received Import Request.
  Time since last request: 2.675142 seconds.
  path: Assets/Obi/Samples/Common/SampleResources/Models/CubicSphere.fbx
  artifactKey: Guid(2aa4d1401124f4f56bec911ef61b4766) Importer(815301076,1909f56bfc062723c751e8b465ee728b)
Start importing Assets/Obi/Samples/Common/SampleResources/Models/CubicSphere.fbx using Guid(2aa4d1401124f4f56bec911ef61b4766) Importer(815301076,1909f56bfc062723c751e8b465ee728b)  -> (artifact id: '08da3345705f4f43bd4e4c2b909ac7f5') in 0.120425 seconds
  Import took 0.123135 seconds .

========================================================================
Received Import Request.
  Time since last request: 1.308796 seconds.
  path: Assets/Obi/Samples/Common/SampleResources/Models/TestEnvironment.fbx
  artifactKey: Guid(64df75de10b494f109b074d28a8eade0) Importer(815301076,1909f56bfc062723c751e8b465ee728b)
Start importing Assets/Obi/Samples/Common/SampleResources/Models/TestEnvironment.fbx using Guid(64df75de10b494f109b074d28a8eade0) Importer(815301076,1909f56bfc062723c751e8b465ee728b)  -> (artifact id: 'c0e4d95feb6ef21361e7bc9b1293cc63') in 0.014728 seconds
  Import took 0.017167 seconds .

========================================================================
Received Import Request.
  Time since last request: 13.059879 seconds.
  path: Assets/Obi/Samples/Fluid/SampleResources
  artifactKey: Guid(8ebc5b9dff7874e7489e49668309ac11) Importer(815301076,1909f56bfc062723c751e8b465ee728b)
Start importing Assets/Obi/Samples/Fluid/SampleResources using Guid(8ebc5b9dff7874e7489e49668309ac11) Importer(815301076,1909f56bfc062723c751e8b465ee728b)  -> (artifact id: '055657774f718eae893d6d1e5df0357c') in 0.007316 seconds
  Import took 0.009845 seconds .

========================================================================
Received Import Request.
  Time since last request: 3.973990 seconds.
  path: Assets/Obi/Samples/Fluid/SampleResources/Blueprints/Blood.asset
  artifactKey: Guid(f16839f0bd45c4b8482269b480638501) Importer(815301076,1909f56bfc062723c751e8b465ee728b)
Start importing Assets/Obi/Samples/Fluid/SampleResources/Blueprints/Blood.asset using Guid(f16839f0bd45c4b8482269b480638501) Importer(815301076,1909f56bfc062723c751e8b465ee728b)  -> (artifact id: 'fa9298b89b68fb2d3df9db6a3ae76c5d') in 0.045030 seconds
  Import took 0.047831 seconds .

========================================================================
Received Import Request.
  Time since last request: 8.201863 seconds.
  path: Assets/Obi/Samples/Fluid/FaucetAndBucket.unity
  artifactKey: Guid(bc5ce9a0e433b45abbd22fdbce538d1e) Importer(815301076,1909f56bfc062723c751e8b465ee728b)
Start importing Assets/Obi/Samples/Fluid/FaucetAndBucket.unity using Guid(bc5ce9a0e433b45abbd22fdbce538d1e) Importer(815301076,1909f56bfc062723c751e8b465ee728b)  -> (artifact id: 'c89f7f519bfdef7f0f9996f74089d585') in 0.007190 seconds
  Import took 0.009735 seconds .

========================================================================
Received Prepare
Registering precompiled user dll's ...
Registered in 0.001225 seconds.
Begin MonoManager ReloadAssembly
Native extension for WindowsStandalone target not found
Native extension for WebGL target not found
Refreshing native plugins compatible for Editor in 0.44 ms, found 1 plugins.
Preloading 0 native plugins for Editor in 0.00 ms.
[ScriptCompilation] NOT recompiling all scripts because this is an import worker process. Reason to compile was: Define symbols changed
Mono: successfully reloaded assembly
- Completed reload, in  0.764 seconds
Platform modules already initialized, skipping
Refreshing native plugins compatible for Editor in 0.45 ms, found 1 plugins.
Preloading 0 native plugins for Editor in 0.00 ms.
Unloading 1564 Unused Serialized files (Serialized files now loaded: 0)
System memory in use before: 90.7 MB.
System memory in use after: 90.7 MB.

Unloading 23 unused Assets to reduce memory usage. Loaded Objects now: 2058.
Total: 1.874300 ms (FindLiveObjects: 0.168700 ms CreateObjectMapping: 0.051500 ms MarkObjects: 1.516300 ms  DeleteObjects: 0.136400 ms)

========================================================================
Received Import Request.
  Time since last request: 164.004279 seconds.
  path: Assets/Obi/Samples/Fluid/FluidFoam.unity
  artifactKey: Guid(07b05b57d441342e7bdc95a85e768ea1) Importer(815301076,1909f56bfc062723c751e8b465ee728b)
Start importing Assets/Obi/Samples/Fluid/FluidFoam.unity using Guid(07b05b57d441342e7bdc95a85e768ea1) Importer(815301076,1909f56bfc062723c751e8b465ee728b)  -> (artifact id: 'fac2da3de09be4128a4115ee2b0641e1') in 0.025969 seconds
  Import took 0.029543 seconds .

========================================================================
Received Import Request.
  Time since last request: 0.138602 seconds.
  path: Assets/Obi/Samples/Fluid/FluidFoam.unity
  artifactKey: Guid(07b05b57d441342e7bdc95a85e768ea1) Importer(815301076,1909f56bfc062723c751e8b465ee728b)
Start importing Assets/Obi/Samples/Fluid/FluidFoam.unity using Guid(07b05b57d441342e7bdc95a85e768ea1) Importer(815301076,1909f56bfc062723c751e8b465ee728b)  -> (artifact id: 'fac2da3de09be4128a4115ee2b0641e1') in 0.005528 seconds
  Import took 0.010064 seconds .

========================================================================
Received Prepare
Registering precompiled user dll's ...
Registered in 0.001784 seconds.
Begin MonoManager ReloadAssembly
Native extension for WindowsStandalone target not found
Native extension for WebGL target not found
Refreshing native plugins compatible for Editor in 0.46 ms, found 1 plugins.
Preloading 0 native plugins for Editor in 0.00 ms.
[ScriptCompilation] NOT recompiling all scripts because this is an import worker process. Reason to compile was: Define symbols changed
Mono: successfully reloaded assembly
- Completed reload, in  1.398 seconds
Platform modules already initialized, skipping
Refreshing native plugins compatible for Editor in 0.50 ms, found 1 plugins.
Preloading 0 native plugins for Editor in 0.00 ms.
Unloading 1564 Unused Serialized files (Serialized files now loaded: 0)
System memory in use before: 90.7 MB.
System memory in use after: 90.7 MB.

Unloading 22 unused Assets to reduce memory usage. Loaded Objects now: 2061.
Total: 3.768200 ms (FindLiveObjects: 0.282300 ms CreateObjectMapping: 0.096200 ms MarkObjects: 3.118300 ms  DeleteObjects: 0.268900 ms)

========================================================================
Received Import Request.
  Time since last request: 37.201418 seconds.
  path: Assets/Obi/Samples/Fluid/FluidGranular.unity
  artifactKey: Guid(e2be6083e5cae43299e2483d381a50cf) Importer(815301076,1909f56bfc062723c751e8b465ee728b)
Start importing Assets/Obi/Samples/Fluid/FluidGranular.unity using Guid(e2be6083e5cae43299e2483d381a50cf) Importer(815301076,1909f56bfc062723c751e8b465ee728b)  -> (artifact id: '74ff21a24d4724a3c7f77c97048e6759') in 0.021461 seconds
  Import took 0.024951 seconds .

========================================================================
Received Import Request.
  Time since last request: 12.556181 seconds.
  path: Assets/Obi/Samples/Fluid/FluidJet.unity
  artifactKey: Guid(02bbf020659ab49378c778ff6679d2eb) Importer(815301076,1909f56bfc062723c751e8b465ee728b)
Start importing Assets/Obi/Samples/Fluid/FluidJet.unity using Guid(02bbf020659ab49378c778ff6679d2eb) Importer(815301076,1909f56bfc062723c751e8b465ee728b)  -> (artifact id: '8e7a5669cebed195213ad309d2e794ea') in 0.007779 seconds
  Import took 0.010329 seconds .

========================================================================
Received Import Request.
  Time since last request: 9.674296 seconds.
  path: Assets/Obi/Samples/Fluid/FluidKarmanVortex.unity
  artifactKey: Guid(ee73abd1649424e34a324b7f23940ae2) Importer(815301076,1909f56bfc062723c751e8b465ee728b)
Start importing Assets/Obi/Samples/Fluid/FluidKarmanVortex.unity using Guid(ee73abd1649424e34a324b7f23940ae2) Importer(815301076,1909f56bfc062723c751e8b465ee728b)  -> (artifact id: '5935c9c1919eee01d108eb053fc723a8') in 0.011430 seconds
  Import took 0.015528 seconds .

========================================================================
Received Import Request.
  Time since last request: 0.001106 seconds.
  path: Assets/Obi/Samples/Fluid/FluidKarmanVortex.unity
  artifactKey: Guid(ee73abd1649424e34a324b7f23940ae2) Importer(815301076,1909f56bfc062723c751e8b465ee728b)
Start importing Assets/Obi/Samples/Fluid/FluidKarmanVortex.unity using Guid(ee73abd1649424e34a324b7f23940ae2) Importer(815301076,1909f56bfc062723c751e8b465ee728b)  -> (artifact id: '5935c9c1919eee01d108eb053fc723a8') in 0.004397 seconds
  Import took 0.008370 seconds .

========================================================================
Received Import Request.
  Time since last request: 16.248363 seconds.
  path: Assets/Obi/Samples/Fluid/FluidMaze.unity
  artifactKey: Guid(0d8ee1ff7b5cd4077aeb975d2630e63a) Importer(815301076,1909f56bfc062723c751e8b465ee728b)
Start importing Assets/Obi/Samples/Fluid/FluidMaze.unity using Guid(0d8ee1ff7b5cd4077aeb975d2630e63a) Importer(815301076,1909f56bfc062723c751e8b465ee728b)  -> (artifact id: 'd05eb084470f792f421d2a8ad8e7b8e0') in 0.010114 seconds
  Import took 0.013601 seconds .

========================================================================
Received Import Request.
  Time since last request: 63.180734 seconds.
  path: Assets/Obi/Samples/Fluid/FluidMill.unity
  artifactKey: Guid(9860fb425edca487a80addb377d09e55) Importer(815301076,1909f56bfc062723c751e8b465ee728b)
Start importing Assets/Obi/Samples/Fluid/FluidMill.unity using Guid(9860fb425edca487a80addb377d09e55) Importer(815301076,1909f56bfc062723c751e8b465ee728b)  -> (artifact id: '7e604c10a84d2d34812a15c8e72b2e57') in 0.010358 seconds
  Import took 0.014894 seconds .

========================================================================
Received Import Request.
  Time since last request: 19.102599 seconds.
  path: Assets/Obi/Samples/Fluid/FluidMixing.unity
  artifactKey: Guid(a921ece7be2f6432889151e031795159) Importer(815301076,1909f56bfc062723c751e8b465ee728b)
Start importing Assets/Obi/Samples/Fluid/FluidMixing.unity using Guid(a921ece7be2f6432889151e031795159) Importer(815301076,1909f56bfc062723c751e8b465ee728b)  -> (artifact id: '5b9140bdbf12cc6753821e8184c9b1c8') in 0.013557 seconds
  Import took 0.017296 seconds .

========================================================================
Received Import Request.
  Time since last request: 18.880374 seconds.
  path: Assets/Obi/Samples/Fluid/FluidRayleighTaylor.unity
  artifactKey: Guid(317f6531f57444a18a7701cce155b294) Importer(815301076,1909f56bfc062723c751e8b465ee728b)
Start importing Assets/Obi/Samples/Fluid/FluidRayleighTaylor.unity using Guid(317f6531f57444a18a7701cce155b294) Importer(815301076,1909f56bfc062723c751e8b465ee728b)  -> (artifact id: '035121471288767ce313619bc23f816a') in 0.012465 seconds
  Import took 0.017305 seconds .

========================================================================
Received Import Request.
  Time since last request: 0.000868 seconds.
  path: Assets/Obi/Samples/Fluid/FluidRayleighTaylor.unity
  artifactKey: Guid(317f6531f57444a18a7701cce155b294) Importer(815301076,1909f56bfc062723c751e8b465ee728b)
Start importing Assets/Obi/Samples/Fluid/FluidRayleighTaylor.unity using Guid(317f6531f57444a18a7701cce155b294) Importer(815301076,1909f56bfc062723c751e8b465ee728b)  -> (artifact id: '035121471288767ce313619bc23f816a') in 0.004408 seconds
  Import took 0.008222 seconds .

========================================================================
Received Import Request.
  Time since last request: 7.516237 seconds.
  path: Assets/Obi/Samples/Fluid/FluidSmoke.unity
  artifactKey: Guid(918c8c12d4d7a412882f12a4af523feb) Importer(815301076,1909f56bfc062723c751e8b465ee728b)
Start importing Assets/Obi/Samples/Fluid/FluidSmoke.unity using Guid(918c8c12d4d7a412882f12a4af523feb) Importer(815301076,1909f56bfc062723c751e8b465ee728b)  -> (artifact id: '222e1bf0405115927cd91b9247c12a74') in 0.014863 seconds
  Import took 0.018703 seconds .

========================================================================
Received Import Request.
  Time since last request: 15.581602 seconds.
  path: Assets/Obi/Samples/Fluid/FluidViscosity.unity
  artifactKey: Guid(fcc10f4de9b834b0880e324db04b3fc5) Importer(815301076,1909f56bfc062723c751e8b465ee728b)
Start importing Assets/Obi/Samples/Fluid/FluidViscosity.unity using Guid(fcc10f4de9b834b0880e324db04b3fc5) Importer(815301076,1909f56bfc062723c751e8b465ee728b)  -> (artifact id: 'b6357fe1400cc295ff1a3ab9d59385a5') in 0.012033 seconds
  Import took 0.016132 seconds .

========================================================================
Received Import Request.
  Time since last request: 0.005299 seconds.
  path: Assets/Obi/Samples/Fluid/FluidViscosity.unity
  artifactKey: Guid(fcc10f4de9b834b0880e324db04b3fc5) Importer(815301076,1909f56bfc062723c751e8b465ee728b)
Start importing Assets/Obi/Samples/Fluid/FluidViscosity.unity using Guid(fcc10f4de9b834b0880e324db04b3fc5) Importer(815301076,1909f56bfc062723c751e8b465ee728b)  -> (artifact id: 'b6357fe1400cc295ff1a3ab9d59385a5') in 0.004820 seconds
  Import took 0.008567 seconds .

========================================================================
Received Import Request.
  Time since last request: 18.040682 seconds.
  path: Assets/Obi/Samples/Fluid/MultiphaseFluidBuoyancy.unity
  artifactKey: Guid(e3a35e46122b54e2aa509efc2c36fc7e) Importer(815301076,1909f56bfc062723c751e8b465ee728b)
Start importing Assets/Obi/Samples/Fluid/MultiphaseFluidBuoyancy.unity using Guid(e3a35e46122b54e2aa509efc2c36fc7e) Importer(815301076,1909f56bfc062723c751e8b465ee728b)  -> (artifact id: 'bc1411fa826259ebde270557b2212ac8') in 0.011725 seconds
  Import took 0.015977 seconds .

========================================================================
Received Import Request.
  Time since last request: 20.222657 seconds.
  path: Assets/Obi/Samples/Fluid/RollingFriction.unity
  artifactKey: Guid(154f64411c7e64bdb9d78cf5a5ad6185) Importer(815301076,1909f56bfc062723c751e8b465ee728b)
Start importing Assets/Obi/Samples/Fluid/RollingFriction.unity using Guid(154f64411c7e64bdb9d78cf5a5ad6185) Importer(815301076,1909f56bfc062723c751e8b465ee728b)  -> (artifact id: '2d84909d782d624ded51e8effbded937') in 0.011164 seconds
  Import took 0.016113 seconds .

========================================================================
Received Import Request.
  Time since last request: 10.321104 seconds.
  path: Assets/Obi/Samples/Fluid/SimpleFluid.unity
  artifactKey: Guid(9775d40f8df5b4c4888f40eae0e48c07) Importer(815301076,1909f56bfc062723c751e8b465ee728b)
Start importing Assets/Obi/Samples/Fluid/SimpleFluid.unity using Guid(9775d40f8df5b4c4888f40eae0e48c07) Importer(815301076,1909f56bfc062723c751e8b465ee728b)  -> (artifact id: '04ef0d8ebd98f19060fdd43745b745a1') in 0.010650 seconds
  Import took 0.013786 seconds .

========================================================================
Received Import Request.
  Time since last request: 244.395464 seconds.
  path: Assets/Hospital Laboratory Interior/Models/Tube samples.FBX
  artifactKey: Guid(c449206050bf89a4cb5d680d3b5970dc) Importer(815301076,1909f56bfc062723c751e8b465ee728b)
Start importing Assets/Hospital Laboratory Interior/Models/Tube samples.FBX using Guid(c449206050bf89a4cb5d680d3b5970dc) Importer(815301076,1909f56bfc062723c751e8b465ee728b)  -> (artifact id: '4854dec51c3ad89371d6877892bb1d26') in 0.167622 seconds
  Import took 0.170132 seconds .

========================================================================
Received Prepare
Registering precompiled user dll's ...
Registered in 0.001087 seconds.
Begin MonoManager ReloadAssembly
Native extension for WindowsStandalone target not found
Native extension for WebGL target not found
Refreshing native plugins compatible for Editor in 0.38 ms, found 1 plugins.
Preloading 0 native plugins for Editor in 0.00 ms.
[ScriptCompilation] NOT recompiling all scripts because this is an import worker process. Reason to compile was: Define symbols changed
Mono: successfully reloaded assembly
- Completed reload, in  0.777 seconds
Platform modules already initialized, skipping
Refreshing native plugins compatible for Editor in 0.47 ms, found 1 plugins.
Preloading 0 native plugins for Editor in 0.00 ms.
Unloading 1564 Unused Serialized files (Serialized files now loaded: 0)
System memory in use before: 90.8 MB.
System memory in use after: 90.8 MB.

Unloading 22 unused Assets to reduce memory usage. Loaded Objects now: 2065.
Total: 1.705400 ms (FindLiveObjects: 0.232200 ms CreateObjectMapping: 0.066000 ms MarkObjects: 1.288300 ms  DeleteObjects: 0.118200 ms)

========================================================================
Received Prepare
Registering precompiled user dll's ...
Registered in 0.001755 seconds.
Begin MonoManager ReloadAssembly
Native extension for WindowsStandalone target not found
Native extension for WebGL target not found
Refreshing native plugins compatible for Editor in 0.66 ms, found 1 plugins.
Preloading 0 native plugins for Editor in 0.00 ms.
[ScriptCompilation] NOT recompiling all scripts because this is an import worker process. Reason to compile was: Define symbols changed
Mono: successfully reloaded assembly
- Completed reload, in  1.158 seconds
Platform modules already initialized, skipping
Refreshing native plugins compatible for Editor in 0.76 ms, found 1 plugins.
Preloading 0 native plugins for Editor in 0.00 ms.
Unloading 1564 Unused Serialized files (Serialized files now loaded: 0)
System memory in use before: 90.9 MB.
System memory in use after: 90.8 MB.

Unloading 22 unused Assets to reduce memory usage. Loaded Objects now: 2068.
Total: 3.080600 ms (FindLiveObjects: 0.474900 ms CreateObjectMapping: 0.113100 ms MarkObjects: 2.288800 ms  DeleteObjects: 0.187700 ms)

========================================================================
Received Prepare
Registering precompiled user dll's ...
Registered in 0.001690 seconds.
Begin MonoManager ReloadAssembly
Native extension for WindowsStandalone target not found
Native extension for WebGL target not found
Refreshing native plugins compatible for Editor in 0.38 ms, found 1 plugins.
Preloading 0 native plugins for Editor in 0.00 ms.
[ScriptCompilation] NOT recompiling all scripts because this is an import worker process. Reason to compile was: Define symbols changed
Mono: successfully reloaded assembly
- Completed reload, in  1.153 seconds
Platform modules already initialized, skipping
Refreshing native plugins compatible for Editor in 0.57 ms, found 1 plugins.
Preloading 0 native plugins for Editor in 0.00 ms.
Unloading 1564 Unused Serialized files (Serialized files now loaded: 0)
System memory in use before: 90.9 MB.
System memory in use after: 90.8 MB.

Unloading 22 unused Assets to reduce memory usage. Loaded Objects now: 2071.
Total: 2.544500 ms (FindLiveObjects: 0.324800 ms CreateObjectMapping: 0.140400 ms MarkObjects: 1.880000 ms  DeleteObjects: 0.198300 ms)

========================================================================
Received Prepare
Registering precompiled user dll's ...
Registered in 0.002632 seconds.
Begin MonoManager ReloadAssembly
Native extension for WindowsStandalone target not found
Native extension for WebGL target not found
Refreshing native plugins compatible for Editor in 0.43 ms, found 1 plugins.
Preloading 0 native plugins for Editor in 0.00 ms.
[ScriptCompilation] NOT recompiling all scripts because this is an import worker process. Reason to compile was: Define symbols changed
Mono: successfully reloaded assembly
- Completed reload, in  1.151 seconds
Platform modules already initialized, skipping
Refreshing native plugins compatible for Editor in 0.53 ms, found 1 plugins.
Preloading 0 native plugins for Editor in 0.00 ms.
Unloading 1564 Unused Serialized files (Serialized files now loaded: 0)
System memory in use before: 90.9 MB.
System memory in use after: 90.8 MB.

Unloading 22 unused Assets to reduce memory usage. Loaded Objects now: 2074.
Total: 2.652800 ms (FindLiveObjects: 0.236800 ms CreateObjectMapping: 0.065400 ms MarkObjects: 2.174900 ms  DeleteObjects: 0.174800 ms)

========================================================================
Received Import Request.
  Time since last request: 178.605699 seconds.
  path: Assets/Obi/Samples/Fluid/SampleResources/Blueprints/Water.asset
  artifactKey: Guid(b91c717d8787940eb945b0ac8e0e6d9b) Importer(815301076,1909f56bfc062723c751e8b465ee728b)
Start importing Assets/Obi/Samples/Fluid/SampleResources/Blueprints/Water.asset using Guid(b91c717d8787940eb945b0ac8e0e6d9b) Importer(815301076,1909f56bfc062723c751e8b465ee728b)  -> (artifact id: '922f9143aeff7d23397b5fedcdf838ae') in 0.051089 seconds
  Import took 0.053810 seconds .

========================================================================
Received Import Request.
  Time since last request: 22.233948 seconds.
  path: Assets/Obi/Samples/Fluid/SampleResources/Materials
  artifactKey: Guid(f7342883fd9f64d29a9528c4655c337b) Importer(815301076,1909f56bfc062723c751e8b465ee728b)
Start importing Assets/Obi/Samples/Fluid/SampleResources/Materials using Guid(f7342883fd9f64d29a9528c4655c337b) Importer(815301076,1909f56bfc062723c751e8b465ee728b)  -> (artifact id: 'e4a03a4570c6932cb5c0984234d4f53d') in 0.006822 seconds
  Import took 0.009703 seconds .

========================================================================
Received Prepare
Registering precompiled user dll's ...
Registered in 0.001545 seconds.
Begin MonoManager ReloadAssembly
Native extension for WindowsStandalone target not found
Native extension for WebGL target not found
Refreshing native plugins compatible for Editor in 0.59 ms, found 1 plugins.
Preloading 0 native plugins for Editor in 0.00 ms.
[ScriptCompilation] NOT recompiling all scripts because this is an import worker process. Reason to compile was: Define symbols changed
Mono: successfully reloaded assembly
- Completed reload, in  1.180 seconds
Platform modules already initialized, skipping
Refreshing native plugins compatible for Editor in 0.89 ms, found 1 plugins.
Preloading 0 native plugins for Editor in 0.00 ms.
Unloading 1564 Unused Serialized files (Serialized files now loaded: 0)
System memory in use before: 90.9 MB.
System memory in use after: 90.8 MB.

Unloading 22 unused Assets to reduce memory usage. Loaded Objects now: 2077.
Total: 3.351100 ms (FindLiveObjects: 0.332500 ms CreateObjectMapping: 0.096900 ms MarkObjects: 2.606800 ms  DeleteObjects: 0.313200 ms)

========================================================================
Received Prepare
Registering precompiled user dll's ...
Registered in 0.001562 seconds.
Begin MonoManager ReloadAssembly
Native extension for WindowsStandalone target not found
Native extension for WebGL target not found
Refreshing native plugins compatible for Editor in 0.45 ms, found 1 plugins.
Preloading 0 native plugins for Editor in 0.00 ms.
[ScriptCompilation] NOT recompiling all scripts because this is an import worker process. Reason to compile was: Define symbols changed
Mono: successfully reloaded assembly
- Completed reload, in  1.215 seconds
Platform modules already initialized, skipping
Refreshing native plugins compatible for Editor in 0.68 ms, found 1 plugins.
Preloading 0 native plugins for Editor in 0.00 ms.
Unloading 1564 Unused Serialized files (Serialized files now loaded: 0)
System memory in use before: 90.9 MB.
System memory in use after: 90.9 MB.

Unloading 22 unused Assets to reduce memory usage. Loaded Objects now: 2080.
Total: 2.449700 ms (FindLiveObjects: 0.222500 ms CreateObjectMapping: 0.073700 ms MarkObjects: 1.848000 ms  DeleteObjects: 0.304300 ms)

========================================================================
Received Import Request.
  Time since last request: 191.379222 seconds.
  path: Assets/Scenes/Demo.unity
  artifactKey: Guid(b51f80bf93971ea4aa7ce9cb4e5336ed) Importer(815301076,1909f56bfc062723c751e8b465ee728b)
Start importing Assets/Scenes/Demo.unity using Guid(b51f80bf93971ea4aa7ce9cb4e5336ed) Importer(815301076,1909f56bfc062723c751e8b465ee728b)  -> (artifact id: 'a12d3e18eb35639749179b1c5f5c8f5c') in 0.015171 seconds
  Import took 0.018169 seconds .

========================================================================
Received Prepare
Registering precompiled user dll's ...
Registered in 0.002816 seconds.
Begin MonoManager ReloadAssembly
Native extension for WindowsStandalone target not found
Native extension for WebGL target not found
Refreshing native plugins compatible for Editor in 0.52 ms, found 1 plugins.
Preloading 0 native plugins for Editor in 0.00 ms.
Mono: successfully reloaded assembly
- Completed reload, in  1.497 seconds
Platform modules already initialized, skipping
Refreshing native plugins compatible for Editor in 0.83 ms, found 1 plugins.
Preloading 0 native plugins for Editor in 0.00 ms.
Unloading 1564 Unused Serialized files (Serialized files now loaded: 0)
System memory in use before: 90.9 MB.
System memory in use after: 90.9 MB.

Unloading 22 unused Assets to reduce memory usage. Loaded Objects now: 2083.
Total: 3.194000 ms (FindLiveObjects: 0.491700 ms CreateObjectMapping: 0.134400 ms MarkObjects: 2.361300 ms  DeleteObjects: 0.205200 ms)

========================================================================
Received Import Request.
  Time since last request: 67.699098 seconds.
  path: Assets/Obi/QuickstartGuide_fluid.pdf
  artifactKey: Guid(78347f8c117ed41c7a18b166c2019d32) Importer(815301076,1909f56bfc062723c751e8b465ee728b)
Start importing Assets/Obi/QuickstartGuide_fluid.pdf using Guid(78347f8c117ed41c7a18b166c2019d32) Importer(815301076,1909f56bfc062723c751e8b465ee728b)  -> (artifact id: 'ddb8c05f3522bb3869b1f481a6a463be') in 0.027720 seconds
  Import took 0.031277 seconds .

========================================================================
Received Import Request.
  Time since last request: 0.650741 seconds.
  path: Assets/Obi/README.rtf
  artifactKey: Guid(133c58a050c6b404cb14cc72f0a1676c) Importer(815301076,1909f56bfc062723c751e8b465ee728b)
Start importing Assets/Obi/README.rtf using Guid(133c58a050c6b404cb14cc72f0a1676c) Importer(815301076,1909f56bfc062723c751e8b465ee728b)  -> (artifact id: 'a90d88bca1529336454fa6f47a2bfaa6') in 0.010638 seconds
  Import took 0.013114 seconds .

========================================================================
Received Prepare
Registering precompiled user dll's ...
Registered in 0.001067 seconds.
Begin MonoManager ReloadAssembly
Native extension for WindowsStandalone target not found
Native extension for WebGL target not found
Refreshing native plugins compatible for Editor in 0.44 ms, found 1 plugins.
Preloading 0 native plugins for Editor in 0.00 ms.
Mono: successfully reloaded assembly
- Completed reload, in  0.759 seconds
Platform modules already initialized, skipping
Refreshing native plugins compatible for Editor in 0.39 ms, found 1 plugins.
Preloading 0 native plugins for Editor in 0.00 ms.
Unloading 1564 Unused Serialized files (Serialized files now loaded: 0)
System memory in use before: 90.9 MB.
System memory in use after: 90.9 MB.

Unloading 22 unused Assets to reduce memory usage. Loaded Objects now: 2086.
Total: 2.285400 ms (FindLiveObjects: 0.365000 ms CreateObjectMapping: 0.078100 ms MarkObjects: 1.714300 ms  DeleteObjects: 0.126800 ms)

========================================================================
Received Import Request.
  Time since last request: 85.580844 seconds.
  path: Assets/Obi/Editor/Common/Blueprints
  artifactKey: Guid(1af54f7feeec0410cada2fc051752b61) Importer(815301076,1909f56bfc062723c751e8b465ee728b)
Start importing Assets/Obi/Editor/Common/Blueprints using Guid(1af54f7feeec0410cada2fc051752b61) Importer(815301076,1909f56bfc062723c751e8b465ee728b)  -> (artifact id: 'ee22a10a4849305b58353b97370ec57c') in 0.011084 seconds
  Import took 0.013810 seconds .

========================================================================
Received Prepare
Registering precompiled user dll's ...
Registered in 0.001074 seconds.
Begin MonoManager ReloadAssembly
Native extension for WindowsStandalone target not found
Native extension for WebGL target not found
Refreshing native plugins compatible for Editor in 0.38 ms, found 1 plugins.
Preloading 0 native plugins for Editor in 0.00 ms.
Mono: successfully reloaded assembly
- Completed reload, in  0.736 seconds
Platform modules already initialized, skipping
Refreshing native plugins compatible for Editor in 0.39 ms, found 1 plugins.
Preloading 0 native plugins for Editor in 0.00 ms.
Unloading 1564 Unused Serialized files (Serialized files now loaded: 0)
System memory in use before: 90.9 MB.
System memory in use after: 90.9 MB.

Unloading 22 unused Assets to reduce memory usage. Loaded Objects now: 2089.
Total: 1.737200 ms (FindLiveObjects: 0.160200 ms CreateObjectMapping: 0.056100 ms MarkObjects: 1.353000 ms  DeleteObjects: 0.166300 ms)

AssetImportWorkerClient::OnTransportError - code=2 error=End of file
